-------------------------------------------------------------------------------
Test set: br.com.logic.trilha.lancamento.LancamentoTest
-------------------------------------------------------------------------------
Tests run: 1, Failures: 0, Errors: 1, Skipped: 0, Time elapsed: 10.559 sec <<< FAILURE!
br.com.logic.trilha.lancamento.LancamentoTest  Time elapsed: 10.559 sec  <<< ERROR!
org.jboss.arquillian.container.spi.client.container.DeploymentException: Cannot deploy: test.war
	at org.jboss.as.arquillian.container.ArchiveDeployer.deployInternal(ArchiveDeployer.java:83)
	at org.jboss.as.arquillian.container.ArchiveDeployer.deployInternal(ArchiveDeployer.java:64)
	at org.jboss.as.arquillian.container.ArchiveDeployer.deploy(ArchiveDeployer.java:46)
	at org.jboss.as.arquillian.container.CommonDeployableContainer.deploy(CommonDeployableContainer.java:146)
	at org.jboss.arquillian.container.impl.client.container.ContainerDeployController$3.call(ContainerDeployController.java:161)
	at org.jboss.arquillian.container.impl.client.container.ContainerDeployController$3.call(ContainerDeployController.java:128)
	at org.jboss.arquillian.container.impl.client.container.ContainerDeployController.executeOperation(ContainerDeployController.java:271)
	at org.jboss.arquillian.container.impl.client.container.ContainerDeployController.deploy(ContainerDeployController.java:127)
	at sun.reflect.NativeMethodAccessorImpl.invoke0(Native Method)
	at sun.reflect.NativeMethodAccessorImpl.invoke(NativeMethodAccessorImpl.java:62)
	at sun.reflect.DelegatingMethodAccessorImpl.invoke(DelegatingMethodAccessorImpl.java:43)
	at java.lang.reflect.Method.invoke(Method.java:498)
	at org.jboss.arquillian.core.impl.ObserverImpl.invoke(ObserverImpl.java:96)
	at org.jboss.arquillian.core.impl.EventContextImpl.invokeObservers(EventContextImpl.java:103)
	at org.jboss.arquillian.core.impl.EventContextImpl.proceed(EventContextImpl.java:85)
	at org.jboss.arquillian.container.impl.client.container.DeploymentExceptionHandler.verifyExpectedExceptionDuringDeploy(DeploymentExceptionHandler.java:50)
	at sun.reflect.NativeMethodAccessorImpl.invoke0(Native Method)
	at sun.reflect.NativeMethodAccessorImpl.invoke(NativeMethodAccessorImpl.java:62)
	at sun.reflect.DelegatingMethodAccessorImpl.invoke(DelegatingMethodAccessorImpl.java:43)
	at java.lang.reflect.Method.invoke(Method.java:498)
	at org.jboss.arquillian.core.impl.ObserverImpl.invoke(ObserverImpl.java:96)
	at org.jboss.arquillian.core.impl.EventContextImpl.proceed(EventContextImpl.java:92)
	at org.jboss.arquillian.container.impl.client.ContainerDeploymentContextHandler.createDeploymentContext(ContainerDeploymentContextHandler.java:78)
	at sun.reflect.NativeMethodAccessorImpl.invoke0(Native Method)
	at sun.reflect.NativeMethodAccessorImpl.invoke(NativeMethodAccessorImpl.java:62)
	at sun.reflect.DelegatingMethodAccessorImpl.invoke(DelegatingMethodAccessorImpl.java:43)
	at java.lang.reflect.Method.invoke(Method.java:498)
	at org.jboss.arquillian.core.impl.ObserverImpl.invoke(ObserverImpl.java:96)
	at org.jboss.arquillian.core.impl.EventContextImpl.proceed(EventContextImpl.java:92)
	at org.jboss.arquillian.container.impl.client.ContainerDeploymentContextHandler.createContainerContext(ContainerDeploymentContextHandler.java:57)
	at sun.reflect.NativeMethodAccessorImpl.invoke0(Native Method)
	at sun.reflect.NativeMethodAccessorImpl.invoke(NativeMethodAccessorImpl.java:62)
	at sun.reflect.DelegatingMethodAccessorImpl.invoke(DelegatingMethodAccessorImpl.java:43)
	at java.lang.reflect.Method.invoke(Method.java:498)
	at org.jboss.arquillian.core.impl.ObserverImpl.invoke(ObserverImpl.java:96)
	at org.jboss.arquillian.core.impl.EventContextImpl.proceed(EventContextImpl.java:92)
	at org.jboss.arquillian.core.impl.ManagerImpl.fire(ManagerImpl.java:143)
	at org.jboss.arquillian.core.impl.ManagerImpl.fire(ManagerImpl.java:114)
	at org.jboss.arquillian.core.impl.EventImpl.fire(EventImpl.java:67)
	at org.jboss.arquillian.container.impl.client.container.ContainerDeployController$1.perform(ContainerDeployController.java:95)
	at org.jboss.arquillian.container.impl.client.container.ContainerDeployController$1.perform(ContainerDeployController.java:80)
	at org.jboss.arquillian.container.impl.client.container.ContainerDeployController.forEachDeployment(ContainerDeployController.java:263)
	at org.jboss.arquillian.container.impl.client.container.ContainerDeployController.forEachManagedDeployment(ContainerDeployController.java:239)
	at org.jboss.arquillian.container.impl.client.container.ContainerDeployController.deployManaged(ContainerDeployController.java:79)
	at sun.reflect.NativeMethodAccessorImpl.invoke0(Native Method)
	at sun.reflect.NativeMethodAccessorImpl.invoke(NativeMethodAccessorImpl.java:62)
	at sun.reflect.DelegatingMethodAccessorImpl.invoke(DelegatingMethodAccessorImpl.java:43)
	at java.lang.reflect.Method.invoke(Method.java:498)
	at org.jboss.arquillian.core.impl.ObserverImpl.invoke(ObserverImpl.java:96)
	at org.jboss.arquillian.core.impl.EventContextImpl.invokeObservers(EventContextImpl.java:103)
	at org.jboss.arquillian.core.impl.EventContextImpl.proceed(EventContextImpl.java:85)
	at org.jboss.arquillian.core.impl.ManagerImpl.fire(ManagerImpl.java:143)
	at org.jboss.arquillian.core.impl.ManagerImpl.fire(ManagerImpl.java:114)
	at org.jboss.arquillian.core.impl.EventImpl.fire(EventImpl.java:67)
	at org.jboss.arquillian.container.test.impl.client.ContainerEventController.execute(ContainerEventController.java:101)
	at sun.reflect.NativeMethodAccessorImpl.invoke0(Native Method)
	at sun.reflect.NativeMethodAccessorImpl.invoke(NativeMethodAccessorImpl.java:62)
	at sun.reflect.DelegatingMethodAccessorImpl.invoke(DelegatingMethodAccessorImpl.java:43)
	at java.lang.reflect.Method.invoke(Method.java:498)
	at org.jboss.arquillian.core.impl.ObserverImpl.invoke(ObserverImpl.java:96)
	at org.jboss.arquillian.core.impl.EventContextImpl.invokeObservers(EventContextImpl.java:103)
	at org.jboss.arquillian.core.impl.EventContextImpl.proceed(EventContextImpl.java:85)
	at org.jboss.arquillian.test.impl.TestContextHandler.createClassContext(TestContextHandler.java:92)
	at sun.reflect.NativeMethodAccessorImpl.invoke0(Native Method)
	at sun.reflect.NativeMethodAccessorImpl.invoke(NativeMethodAccessorImpl.java:62)
	at sun.reflect.DelegatingMethodAccessorImpl.invoke(DelegatingMethodAccessorImpl.java:43)
	at java.lang.reflect.Method.invoke(Method.java:498)
	at org.jboss.arquillian.core.impl.ObserverImpl.invoke(ObserverImpl.java:96)
	at org.jboss.arquillian.core.impl.EventContextImpl.proceed(EventContextImpl.java:92)
	at org.jboss.arquillian.test.impl.TestContextHandler.createSuiteContext(TestContextHandler.java:73)
	at sun.reflect.NativeMethodAccessorImpl.invoke0(Native Method)
	at sun.reflect.NativeMethodAccessorImpl.invoke(NativeMethodAccessorImpl.java:62)
	at sun.reflect.DelegatingMethodAccessorImpl.invoke(DelegatingMethodAccessorImpl.java:43)
	at java.lang.reflect.Method.invoke(Method.java:498)
	at org.jboss.arquillian.core.impl.ObserverImpl.invoke(ObserverImpl.java:96)
	at org.jboss.arquillian.core.impl.EventContextImpl.proceed(EventContextImpl.java:92)
	at org.jboss.arquillian.core.impl.ManagerImpl.fire(ManagerImpl.java:143)
	at org.jboss.arquillian.core.impl.ManagerImpl.fire(ManagerImpl.java:114)
	at org.jboss.arquillian.test.impl.EventTestRunnerAdaptor.beforeClass(EventTestRunnerAdaptor.java:87)
	at org.jboss.arquillian.junit.Arquillian$2.evaluate(Arquillian.java:202)
	at org.jboss.arquillian.junit.Arquillian.multiExecute(Arquillian.java:431)
	at org.jboss.arquillian.junit.Arquillian.access$200(Arquillian.java:55)
	at org.jboss.arquillian.junit.Arquillian$3.evaluate(Arquillian.java:219)
	at org.junit.runners.ParentRunner.run(ParentRunner.java:309)
	at org.jboss.arquillian.junit.Arquillian.run(Arquillian.java:167)
	at org.apache.maven.surefire.junit4.JUnit4Provider.execute(JUnit4Provider.java:252)
	at org.apache.maven.surefire.junit4.JUnit4Provider.executeTestSet(JUnit4Provider.java:141)
	at org.apache.maven.surefire.junit4.JUnit4Provider.invoke(JUnit4Provider.java:112)
	at sun.reflect.NativeMethodAccessorImpl.invoke0(Native Method)
	at sun.reflect.NativeMethodAccessorImpl.invoke(NativeMethodAccessorImpl.java:62)
	at sun.reflect.DelegatingMethodAccessorImpl.invoke(DelegatingMethodAccessorImpl.java:43)
	at java.lang.reflect.Method.invoke(Method.java:498)
	at org.apache.maven.surefire.util.ReflectionUtils.invokeMethodWithArray(ReflectionUtils.java:189)
	at org.apache.maven.surefire.booter.ProviderFactory$ProviderProxy.invoke(ProviderFactory.java:165)
	at org.apache.maven.surefire.booter.ProviderFactory.invokeProvider(ProviderFactory.java:85)
	at org.apache.maven.surefire.booter.ForkedBooter.runSuitesInProcess(ForkedBooter.java:115)
	at org.apache.maven.surefire.booter.ForkedBooter.main(ForkedBooter.java:75)
Caused by: java.net.ConnectException: JBAS012144: Could not connect to http-remoting://127.0.0.1:9990. The connection timed out
	at org.jboss.as.protocol.ProtocolConnectionUtils.connectSync(ProtocolConnectionUtils.java:119)
	at org.jboss.as.protocol.ProtocolConnectionManager$EstablishingConnection.connect(ProtocolConnectionManager.java:256)
	at org.jboss.as.protocol.ProtocolConnectionManager.connect(ProtocolConnectionManager.java:70)
	at org.jboss.as.protocol.mgmt.FutureManagementChannel$Establishing.getChannel(FutureManagementChannel.java:204)
	at org.jboss.as.controller.client.impl.RemotingModelControllerClient.getOrCreateChannel(RemotingModelControllerClient.java:148)
	at org.jboss.as.controller.client.impl.RemotingModelControllerClient$1.getChannel(RemotingModelControllerClient.java:67)
	at org.jboss.as.protocol.mgmt.ManagementChannelHandler.executeRequest(ManagementChannelHandler.java:117)
	at org.jboss.as.protocol.mgmt.ManagementChannelHandler.executeRequest(ManagementChannelHandler.java:92)
	at org.jboss.as.controller.client.impl.AbstractModelControllerClient.executeRequest(AbstractModelControllerClient.java:236)
	at org.jboss.as.controller.client.impl.AbstractModelControllerClient.execute(AbstractModelControllerClient.java:141)
	at org.jboss.as.controller.client.impl.AbstractModelControllerClient.executeAsync(AbstractModelControllerClient.java:101)
	at org.jboss.as.controller.client.helpers.standalone.impl.ModelControllerClientServerDeploymentManager.executeOperation(ModelControllerClientServerDeploymentManager.java:50)
	at org.jboss.as.controller.client.helpers.standalone.impl.AbstractServerDeploymentManager.execute(AbstractServerDeploymentManager.java:79)
	at org.jboss.as.controller.client.helpers.standalone.ServerDeploymentHelper.deploy(ServerDeploymentHelper.java:54)
	at org.jboss.as.arquillian.container.ArchiveDeployer.deployInternal(ArchiveDeployer.java:77)
	... 96 more

